<?xml version="1.0" encoding="UTF-8"?>
<!-- Generated by org.testng.reporters.JUnitXMLReporter -->
<testsuite ignored="1" hostname="DESKTOP-A58GS94" failures="0" tests="8" name="Default test" time="0.181" errors="0" timestamp="2023-09-24T18:20:25 IST">
  <testcase classname="TestNG.Priority_Invocation_Enabled_Java" name="demo1" time="0.013"/>
  <testcase classname="TestNG.Priority_Invocation_Enabled_Java" name="demo1" time="0.003"/>
  <testcase classname="TestNG.Priority_Invocation_Enabled_Java" name="demo1" time="0.007"/>
  <testcase classname="TestNG.Priority_Invocation_Enabled_Java" name="demo3" time="0.007"/>
  <testcase classname="TestNG.Priority_Invocation_Enabled_Java" name="demo3" time="0.006"/>
  <testcase classname="TestNG.Priority_Invocation_Enabled_Java" name="demo3" time="0.006"/>
  <testcase classname="TestNG.Priority_Invocation_Enabled_Java" name="demo3" time="0.005"/>
  <testcase classname="TestNG.Priority_Invocation_Enabled_Java" name="demo3" time="0.006"/>
  <testcase classname="TestNG.Priority_Invocation_Enabled_Java" name="demo2" time="0.0">
    <ignored/>
  </testcase> <!-- demo2 -->
</testsuite> <!-- Default test -->
