<?xml version="1.0" encoding="UTF-8"?>
<testng-results ignored="0" total="2" passed="2" failed="0" skipped="0">
  <reporter-output>
  </reporter-output>
  <suite started-at="2023-09-24T18:48:20 IST" name="Suite" finished-at="2023-09-24T18:48:38 IST" duration-ms="17126">
    <groups>
    </groups>
    <test started-at="2023-09-24T18:48:20 IST" name="Test2" finished-at="2023-09-24T18:48:34 IST" duration-ms="13694">
      <class name="TestNG_Parallel.Facebook">
        <test-method signature="facebook()[pri:0, instance:TestNG_Parallel.Facebook@6e6f2380]" started-at="2023-09-24T18:48:21 IST" name="facebook" finished-at="2023-09-24T18:48:34 IST" duration-ms="13607" status="PASS">
          <reporter-output>
          </reporter-output>
        </test-method> <!-- facebook -->
      </class> <!-- TestNG_Parallel.Facebook -->
    </test> <!-- Test2 -->
    <test started-at="2023-09-24T18:48:20 IST" name="Test1" finished-at="2023-09-24T18:48:38 IST" duration-ms="17126">
      <class name="TestNG_Parallel.Amazon">
        <test-method signature="facebook()[pri:0, instance:TestNG_Parallel.Amazon@26e356f0]" started-at="2023-09-24T18:48:21 IST" name="facebook" finished-at="2023-09-24T18:48:38 IST" duration-ms="17047" status="PASS">
          <reporter-output>
          </reporter-output>
        </test-method> <!-- facebook -->
      </class> <!-- TestNG_Parallel.Amazon -->
    </test> <!-- Test1 -->
  </suite> <!-- Suite -->
</testng-results>
